0 verbose cli C:\Program Files\nodejs\node.exe C:\Users\Shashikant Karval\AppData\Roaming\npm\node_modules\npm\bin\npm-cli.js
1 info using npm@10.8.3
2 info using node@v22.11.0
3 silly config load:file:C:\Users\Shashikant Karval\AppData\Roaming\npm\node_modules\npm\npmrc
4 silly config load:file:c:\Users\Shashikant Karval\Downloads\Portfolio-master\Portfolio-master\.npmrc
5 silly config load:file:C:\Users\Shashikant Karval\.npmrc
6 silly config load:file:C:\Users\Shashikant Karval\AppData\Roaming\npm\etc\npmrc
7 verbose title npm view react-tsparticles description dist-tags.latest homepage version time
8 verbose argv "view" "--json" "--" "react-tsparticles" "description" "dist-tags.latest" "homepage" "version" "time"
9 verbose logfile logs-max:10 dir:c:\Users\Shashikant Karval\Downloads\Portfolio-master\Portfolio-master\D\_logs\2024-12-28T12_29_08_960Z-
10 verbose logfile c:\Users\Shashikant Karval\Downloads\Portfolio-master\Portfolio-master\D\_logs\2024-12-28T12_29_08_960Z-debug-0.log
11 silly logfile done cleaning log files
12 http fetch GET 200 https://registry.npmjs.org/npm 251ms
13 http fetch GET 200 https://registry.npmjs.org/react-tsparticles 383ms (cache miss)
14 verbose cwd c:\Users\Shashikant Karval\Downloads\Portfolio-master\Portfolio-master
15 verbose os Windows_NT 10.0.26100
16 verbose node v22.11.0
17 verbose npm  v10.8.3
18 notice
18 notice New major version of npm available! 10.8.3 -> 11.0.0
18 notice Changelog: https://github.com/npm/cli/releases/tag/v11.0.0
18 notice To update run: npm install -g npm@11.0.0
18 notice  { force: true, [Symbol(proc-log.meta)]: true }
19 verbose exit 0
20 info ok
